0 info it worked if it ends with ok
1 verbose cli [ '/usr/local/Cellar/nvm/0.25.4/versions/node/v5.0.0/bin/node',
1 verbose cli   '/usr/local/bin/npm',
1 verbose cli   'run',
1 verbose cli   'build_docs' ]
2 info using npm@3.7.3
3 info using node@v5.0.0
4 verbose run-script [ 'prebuild_docs', 'build_docs', 'postbuild_docs' ]
5 info lifecycle @reactivex/rxjs@5.0.0-beta.6~prebuild_docs: @reactivex/rxjs@5.0.0-beta.6
6 silly lifecycle @reactivex/rxjs@5.0.0-beta.6~prebuild_docs: no script for prebuild_docs, continuing
7 info lifecycle @reactivex/rxjs@5.0.0-beta.6~build_docs: @reactivex/rxjs@5.0.0-beta.6
8 verbose lifecycle @reactivex/rxjs@5.0.0-beta.6~build_docs: unsafe-perm in lifecycle true
9 verbose lifecycle @reactivex/rxjs@5.0.0-beta.6~build_docs: PATH: /usr/local/lib/node_modules/npm/bin/node-gyp-bin:/Users/blesh/GitHub/blesh/RxJS/node_modules/.bin:/usr/local/Cellar/nvm/0.25.4/versions/node/v5.0.0/bin:/usr/local/bin:/usr/local/bin:/usr/bin:/bin:/usr/sbin:/sbin:/usr/local/bin:/usr/local/git/bin:/usr/local/Cellar/nvm/0.25.4/versions/node/v5.0.0/bin:/Users/blesh/.node/bin
10 verbose lifecycle @reactivex/rxjs@5.0.0-beta.6~build_docs: CWD: /Users/blesh/GitHub/blesh/RxJS
11 silly lifecycle @reactivex/rxjs@5.0.0-beta.6~build_docs: Args: [ '-c',
11 silly lifecycle   'npm-run-all build_es6_for_docs build_global build_spec tests2png decision_tree_widget && esdoc -c esdoc.json' ]
12 silly lifecycle @reactivex/rxjs@5.0.0-beta.6~build_docs: Returned: code: 1  signal: null
13 info lifecycle @reactivex/rxjs@5.0.0-beta.6~build_docs: Failed to exec build_docs script
14 verbose stack Error: @reactivex/rxjs@5.0.0-beta.6 build_docs: `npm-run-all build_es6_for_docs build_global build_spec tests2png decision_tree_widget && esdoc -c esdoc.json`
14 verbose stack Exit status 1
14 verbose stack     at EventEmitter.<anonymous> (/usr/local/lib/node_modules/npm/lib/utils/lifecycle.js:239:16)
14 verbose stack     at emitTwo (events.js:87:13)
14 verbose stack     at EventEmitter.emit (events.js:172:7)
14 verbose stack     at ChildProcess.<anonymous> (/usr/local/lib/node_modules/npm/lib/utils/spawn.js:24:14)
14 verbose stack     at emitTwo (events.js:87:13)
14 verbose stack     at ChildProcess.emit (events.js:172:7)
14 verbose stack     at maybeClose (internal/child_process.js:818:16)
14 verbose stack     at Process.ChildProcess._handle.onexit (internal/child_process.js:211:5)
15 verbose pkgid @reactivex/rxjs@5.0.0-beta.6
16 verbose cwd /Users/blesh/GitHub/blesh/RxJS
17 error Darwin 13.4.0
18 error argv "/usr/local/Cellar/nvm/0.25.4/versions/node/v5.0.0/bin/node" "/usr/local/bin/npm" "run" "build_docs"
19 error node v5.0.0
20 error npm  v3.7.3
21 error code ELIFECYCLE
22 error @reactivex/rxjs@5.0.0-beta.6 build_docs: `npm-run-all build_es6_for_docs build_global build_spec tests2png decision_tree_widget && esdoc -c esdoc.json`
22 error Exit status 1
23 error Failed at the @reactivex/rxjs@5.0.0-beta.6 build_docs script 'npm-run-all build_es6_for_docs build_global build_spec tests2png decision_tree_widget && esdoc -c esdoc.json'.
23 error Make sure you have the latest version of node.js and npm installed.
23 error If you do, this is most likely a problem with the @reactivex/rxjs package,
23 error not with npm itself.
23 error Tell the author that this fails on your system:
23 error     npm-run-all build_es6_for_docs build_global build_spec tests2png decision_tree_widget && esdoc -c esdoc.json
23 error You can get information on how to open an issue for this project with:
23 error     npm bugs @reactivex/rxjs
23 error Or if that isn't available, you can get their info via:
23 error     npm owner ls @reactivex/rxjs
23 error There is likely additional logging output above.
24 verbose exit [ 1, true ]
