Arguments: 
  /Users/ward/.nvm/versions/node/v8.6.0/bin/node /usr/local/Cellar/yarn/1.3.2/libexec/bin/yarn.js compile_dist_esm5

PATH: 
  /Users/ward/.nvm/versions/node/v8.6.0/bin:/Users/ward/.yarn/bin:/Users/ward/google-cloud-sdk/bin:/usr/local/bin:/usr/local/sbin:/usr/bin:/bin:/usr/sbin:/sbin:/Users/ward/.composer/vendor/bin

Yarn version: 
  1.3.2

Node version: 
  8.6.0

Platform: 
  darwin x64

npm manifest: 
  {
    "name": "@rxjs/core",
    "version": "1.0.0",
    "description": "Core of rxjs",
    "main": "src/index.js",
    "license": "MIT",
    "devDependencies": {
      "typescript": "^2.6.1"
    },
    "scripts": {
      "compile_dist_esm5": "tsc -p ../../tsconfig/tsconfig.esm5.json",
    }
  }

yarn manifest: 
  No manifest

Lockfile: 
  # THIS IS AN AUTOGENERATED FILE. DO NOT EDIT THIS FILE DIRECTLY.
  # yarn lockfile v1
  
  
  typescript@^2.6.1:
    version "2.6.1"
    resolved "https://registry.yarnpkg.com/typescript/-/typescript-2.6.1.tgz#ef39cdea27abac0b500242d6726ab90e0c846631"

Trace: 
  SyntaxError: /Volumes/MAC_EXTRA/Projects/tmp/rxjs/packages/core/package.json: Unexpected token } in JSON at position 268
      at JSON.parse (<anonymous>)
      at /usr/local/Cellar/yarn/1.3.2/libexec/lib/cli.js:770:59
      at Generator.next (<anonymous>)
      at step (/usr/local/Cellar/yarn/1.3.2/libexec/lib/cli.js:92:30)
      at /usr/local/Cellar/yarn/1.3.2/libexec/lib/cli.js:103:13
      at <anonymous>
